build/Android_Qt_6_5_3_Clang_arm64_v8a-Debug/android-build/build/intermediates/manifest_merge_blame_file/debug/manifest-merger-blame-debug-report.txt
1<?xml version="1.0" encoding="utf-8"?>
2<manifest xmlns:android="http://schemas.android.com/apk/res/android"
3    package="org.example.qtservice"
4    android:installLocation="auto"
5    android:versionCode="1"
6    android:versionName="1.0.0" >
7
8    <uses-sdk
8-->Android_Qt_6_5_3_Clang_arm64_v8a-Debug/android-build/AndroidManifest.xml:4:5-73
9        android:minSdkVersion="23"
9-->Android_Qt_6_5_3_Clang_arm64_v8a-Debug/android-build/AndroidManifest.xml:4:15-41
10        android:targetSdkVersion="32" />
10-->Android_Qt_6_5_3_Clang_arm64_v8a-Debug/android-build/AndroidManifest.xml:4:42-71
11
12    <!-- Existing permissions -->
13    <uses-permission android:name="android.permission.ACCESS_NETWORK_STATE" />
13-->Android_Qt_6_5_3_Clang_arm64_v8a-Debug/android-build/AndroidManifest.xml:7:5-78
13-->Android_Qt_6_5_3_Clang_arm64_v8a-Debug/android-build/AndroidManifest.xml:7:22-76
14    <uses-permission android:name="android.permission.READ_EXTERNAL_STORAGE" />
14-->Android_Qt_6_5_3_Clang_arm64_v8a-Debug/android-build/AndroidManifest.xml:8:5-79
14-->Android_Qt_6_5_3_Clang_arm64_v8a-Debug/android-build/AndroidManifest.xml:8:22-77
15    <uses-permission android:name="android.permission.INTERNET" />
15-->Android_Qt_6_5_3_Clang_arm64_v8a-Debug/android-build/AndroidManifest.xml:9:5-66
15-->Android_Qt_6_5_3_Clang_arm64_v8a-Debug/android-build/AndroidManifest.xml:9:22-64
16    <uses-permission android:name="android.permission.WRITE_EXTERNAL_STORAGE" />
16-->Android_Qt_6_5_3_Clang_arm64_v8a-Debug/android-build/AndroidManifest.xml:10:5-80
16-->Android_Qt_6_5_3_Clang_arm64_v8a-Debug/android-build/AndroidManifest.xml:10:22-78
17    <uses-permission android:name="android.permission.ACCESS_FINE_LOCATION" />
17-->Android_Qt_6_5_3_Clang_arm64_v8a-Debug/android-build/AndroidManifest.xml:11:5-78
17-->Android_Qt_6_5_3_Clang_arm64_v8a-Debug/android-build/AndroidManifest.xml:11:22-76
18    <uses-permission android:name="android.permission.ACCESS_COARSE_LOCATION" />
18-->Android_Qt_6_5_3_Clang_arm64_v8a-Debug/android-build/AndroidManifest.xml:12:5-80
18-->Android_Qt_6_5_3_Clang_arm64_v8a-Debug/android-build/AndroidManifest.xml:12:22-78
19
20    <!-- Background execution permissions (compatible with API 28) -->
21    <uses-permission android:name="android.permission.WAKE_LOCK" />
21-->Android_Qt_6_5_3_Clang_arm64_v8a-Debug/android-build/AndroidManifest.xml:15:5-67
21-->Android_Qt_6_5_3_Clang_arm64_v8a-Debug/android-build/AndroidManifest.xml:15:22-65
22    <uses-permission android:name="android.permission.FOREGROUND_SERVICE" />
22-->Android_Qt_6_5_3_Clang_arm64_v8a-Debug/android-build/AndroidManifest.xml:16:5-76
22-->Android_Qt_6_5_3_Clang_arm64_v8a-Debug/android-build/AndroidManifest.xml:16:22-74
23    <uses-permission android:name="android.permission.REQUEST_IGNORE_BATTERY_OPTIMIZATIONS" />
23-->Android_Qt_6_5_3_Clang_arm64_v8a-Debug/android-build/AndroidManifest.xml:17:5-94
23-->Android_Qt_6_5_3_Clang_arm64_v8a-Debug/android-build/AndroidManifest.xml:17:22-92
24    <uses-permission android:name="android.permission.INTERNET" />
24-->Android_Qt_6_5_3_Clang_arm64_v8a-Debug/android-build/AndroidManifest.xml:9:5-66
24-->Android_Qt_6_5_3_Clang_arm64_v8a-Debug/android-build/AndroidManifest.xml:9:22-64
25    <uses-permission android:name="android.permission.WRITE_EXTERNAL_STORAGE" />
25-->Android_Qt_6_5_3_Clang_arm64_v8a-Debug/android-build/AndroidManifest.xml:10:5-80
25-->Android_Qt_6_5_3_Clang_arm64_v8a-Debug/android-build/AndroidManifest.xml:10:22-78
26    <uses-permission android:name="android.permission.ACCESS_NETWORK_STATE" />
26-->Android_Qt_6_5_3_Clang_arm64_v8a-Debug/android-build/AndroidManifest.xml:7:5-78
26-->Android_Qt_6_5_3_Clang_arm64_v8a-Debug/android-build/AndroidManifest.xml:7:22-76
27
28    <supports-screens
28-->Android_Qt_6_5_3_Clang_arm64_v8a-Debug/android-build/AndroidManifest.xml:23:5-135
29        android:anyDensity="true"
29-->Android_Qt_6_5_3_Clang_arm64_v8a-Debug/android-build/AndroidManifest.xml:23:23-48
30        android:largeScreens="true"
30-->Android_Qt_6_5_3_Clang_arm64_v8a-Debug/android-build/AndroidManifest.xml:23:49-76
31        android:normalScreens="true"
31-->Android_Qt_6_5_3_Clang_arm64_v8a-Debug/android-build/AndroidManifest.xml:23:77-105
32        android:smallScreens="true" />
32-->Android_Qt_6_5_3_Clang_arm64_v8a-Debug/android-build/AndroidManifest.xml:23:106-133
33
34    <application
34-->Android_Qt_6_5_3_Clang_arm64_v8a-Debug/android-build/AndroidManifest.xml:25:5-48:19
35        android:name="org.qtproject.qt.android.bindings.QtApplication"
35-->Android_Qt_6_5_3_Clang_arm64_v8a-Debug/android-build/AndroidManifest.xml:25:18-80
36        android:allowBackup="true"
36-->Android_Qt_6_5_3_Clang_arm64_v8a-Debug/android-build/AndroidManifest.xml:25:116-142
37        android:debuggable="true"
38        android:extractNativeLibs="true"
38-->Android_Qt_6_5_3_Clang_arm64_v8a-Debug/android-build/AndroidManifest.xml:25:215-247
39        android:fullBackupOnly="false"
39-->Android_Qt_6_5_3_Clang_arm64_v8a-Debug/android-build/AndroidManifest.xml:25:143-173
40        android:hardwareAccelerated="true"
40-->Android_Qt_6_5_3_Clang_arm64_v8a-Debug/android-build/AndroidManifest.xml:25:81-115
41        android:label="@string/QtAndroidService" >
41-->Android_Qt_6_5_3_Clang_arm64_v8a-Debug/android-build/AndroidManifest.xml:25:174-214
42        <activity
42-->Android_Qt_6_5_3_Clang_arm64_v8a-Debug/android-build/AndroidManifest.xml:27:9-35:20
43            android:name="org.example.qtservice.MainActivity"
43-->Android_Qt_6_5_3_Clang_arm64_v8a-Debug/android-build/AndroidManifest.xml:27:19-68
44            android:configChanges="orientation|uiMode|screenLayout|screenSize|smallestScreenSize|layoutDirection|locale|fontScale|keyboard|keyboardHidden|navigation|mcc|mnc|density"
44-->Android_Qt_6_5_3_Clang_arm64_v8a-Debug/android-build/AndroidManifest.xml:27:69-238
45            android:exported="true"
45-->Android_Qt_6_5_3_Clang_arm64_v8a-Debug/android-build/AndroidManifest.xml:27:351-374
46            android:label="@string/QtAndroidService"
46-->Android_Qt_6_5_3_Clang_arm64_v8a-Debug/android-build/AndroidManifest.xml:27:239-279
47            android:launchMode="singleTop"
47-->Android_Qt_6_5_3_Clang_arm64_v8a-Debug/android-build/AndroidManifest.xml:27:280-310
48            android:screenOrientation="unspecified" >
48-->Android_Qt_6_5_3_Clang_arm64_v8a-Debug/android-build/AndroidManifest.xml:27:311-350
49            <intent-filter>
49-->Android_Qt_6_5_3_Clang_arm64_v8a-Debug/android-build/AndroidManifest.xml:28:13-31:29
50                <action android:name="android.intent.action.MAIN" />
50-->Android_Qt_6_5_3_Clang_arm64_v8a-Debug/android-build/AndroidManifest.xml:29:17-68
50-->Android_Qt_6_5_3_Clang_arm64_v8a-Debug/android-build/AndroidManifest.xml:29:25-66
51
52                <category android:name="android.intent.category.LAUNCHER" />
52-->Android_Qt_6_5_3_Clang_arm64_v8a-Debug/android-build/AndroidManifest.xml:30:17-76
52-->Android_Qt_6_5_3_Clang_arm64_v8a-Debug/android-build/AndroidManifest.xml:30:27-74
53            </intent-filter>
54
55            <meta-data
55-->Android_Qt_6_5_3_Clang_arm64_v8a-Debug/android-build/AndroidManifest.xml:32:13-94
56                android:name="android.app.lib_name"
56-->Android_Qt_6_5_3_Clang_arm64_v8a-Debug/android-build/AndroidManifest.xml:32:24-59
57                android:value="QtAndroidService" />
57-->Android_Qt_6_5_3_Clang_arm64_v8a-Debug/android-build/AndroidManifest.xml:32:60-92
58            <meta-data
58-->Android_Qt_6_5_3_Clang_arm64_v8a-Debug/android-build/AndroidManifest.xml:33:13-79
59                android:name="android.app.arguments"
59-->Android_Qt_6_5_3_Clang_arm64_v8a-Debug/android-build/AndroidManifest.xml:33:24-60
60                android:value="" />
60-->Android_Qt_6_5_3_Clang_arm64_v8a-Debug/android-build/AndroidManifest.xml:33:61-77
61            <meta-data
61-->Android_Qt_6_5_3_Clang_arm64_v8a-Debug/android-build/AndroidManifest.xml:34:13-98
62                android:name="android.app.extract_android_style"
62-->Android_Qt_6_5_3_Clang_arm64_v8a-Debug/android-build/AndroidManifest.xml:34:24-72
63                android:value="minimal" />
63-->Android_Qt_6_5_3_Clang_arm64_v8a-Debug/android-build/AndroidManifest.xml:34:73-96
64        </activity>
65
66        <!-- Foreground service (API 28 compatible) -->
67        <service
67-->Android_Qt_6_5_3_Clang_arm64_v8a-Debug/android-build/AndroidManifest.xml:38:9-126
68            android:name="org.qtproject.qt.android.bindings.QtService"
68-->Android_Qt_6_5_3_Clang_arm64_v8a-Debug/android-build/AndroidManifest.xml:38:18-76
69            android:enabled="true"
69-->Android_Qt_6_5_3_Clang_arm64_v8a-Debug/android-build/AndroidManifest.xml:38:77-99
70            android:exported="false" />
70-->Android_Qt_6_5_3_Clang_arm64_v8a-Debug/android-build/AndroidManifest.xml:38:100-124
71        <service
71-->Android_Qt_6_5_3_Clang_arm64_v8a-Debug/android-build/AndroidManifest.xml:40:9-46:19
72            android:name="org.example.qtservice.QtAndroidService"
72-->Android_Qt_6_5_3_Clang_arm64_v8a-Debug/android-build/AndroidManifest.xml:40:18-50
73            android:enabled="true"
73-->Android_Qt_6_5_3_Clang_arm64_v8a-Debug/android-build/AndroidManifest.xml:40:97-119
74            android:exported="true"
74-->Android_Qt_6_5_3_Clang_arm64_v8a-Debug/android-build/AndroidManifest.xml:40:73-96
75            android:foregroundServiceType="dataSync"
75-->Android_Qt_6_5_3_Clang_arm64_v8a-Debug/android-build/AndroidManifest.xml:40:120-160
76            android:process=":qt" >
76-->Android_Qt_6_5_3_Clang_arm64_v8a-Debug/android-build/AndroidManifest.xml:40:51-72
77            <meta-data
77-->Android_Qt_6_5_3_Clang_arm64_v8a-Debug/android-build/AndroidManifest.xml:32:13-94
78                android:name="android.app.lib_name"
78-->Android_Qt_6_5_3_Clang_arm64_v8a-Debug/android-build/AndroidManifest.xml:32:24-59
79                android:value="QtAndroidService" />
79-->Android_Qt_6_5_3_Clang_arm64_v8a-Debug/android-build/AndroidManifest.xml:32:60-92
80            <meta-data
80-->Android_Qt_6_5_3_Clang_arm64_v8a-Debug/android-build/AndroidManifest.xml:42:13-92
81                android:name="android.app.background_running"
81-->Android_Qt_6_5_3_Clang_arm64_v8a-Debug/android-build/AndroidManifest.xml:42:24-69
82                android:value="true" />
82-->Android_Qt_6_5_3_Clang_arm64_v8a-Debug/android-build/AndroidManifest.xml:42:70-90
83            <meta-data
83-->Android_Qt_6_5_3_Clang_arm64_v8a-Debug/android-build/AndroidManifest.xml:34:13-98
84                android:name="android.app.extract_android_style"
84-->Android_Qt_6_5_3_Clang_arm64_v8a-Debug/android-build/AndroidManifest.xml:34:24-72
85                android:value="none" />
85-->Android_Qt_6_5_3_Clang_arm64_v8a-Debug/android-build/AndroidManifest.xml:34:73-96
86            <meta-data
86-->Android_Qt_6_5_3_Clang_arm64_v8a-Debug/android-build/AndroidManifest.xml:44:13-82
87                android:name="qt.qpa.platform"
87-->Android_Qt_6_5_3_Clang_arm64_v8a-Debug/android-build/AndroidManifest.xml:44:24-54
88                android:value="offscreen" />
88-->Android_Qt_6_5_3_Clang_arm64_v8a-Debug/android-build/AndroidManifest.xml:44:55-80
89            <meta-data
89-->Android_Qt_6_5_3_Clang_arm64_v8a-Debug/android-build/AndroidManifest.xml:45:13-83
90                android:name="android.app.qt_no_gui"
90-->Android_Qt_6_5_3_Clang_arm64_v8a-Debug/android-build/AndroidManifest.xml:45:24-60
91                android:value="true" />
91-->Android_Qt_6_5_3_Clang_arm64_v8a-Debug/android-build/AndroidManifest.xml:45:61-81
92        </service>
93    </application>
94
95</manifest>